[    0.000000] Linux version 4.15.0-143-generic (buildd@lcy01-amd64-001) (gcc version 7.5.0 (Ubuntu 7.5.0-3ubuntu1~18.04)) #147-Ubuntu SMP Wed Apr 14 16:10:11 UTC 2021 (Ubuntu 4.15.0-143.147-generic 4.15.18)
[    0.000000] Command line: BOOT_IMAGE=/boot/vmlinuz-4.15.0-143-generic root=LABEL=cloudimg-rootfs ro console=tty1 console=ttyS0
[    0.000000] KERNEL supported cpus:
[    0.000000]   Intel GenuineIntel
[    0.000000]   AMD AuthenticAMD
[    0.000000]   Centaur CentaurHauls
[    0.000000] x86/fpu: Supporting XSAVE feature 0x001: 'x87 floating point registers'
[    0.000000] x86/fpu: Supporting XSAVE feature 0x002: 'SSE registers'
[    0.000000] x86/fpu: Supporting XSAVE feature 0x004: 'AVX registers'
[    0.000000] x86/fpu: xstate_offset[2]:  576, xstate_sizes[2]:  256
[    0.000000] x86/fpu: Enabled xstate features 0x7, context size is 832 bytes, using 'standard' format.
[    0.000000] e820: BIOS-provided physical RAM map:
[    0.000000] BIOS-e820: [mem 0x0000000000000000-0x000000000009fbff] usable
[    0.000000] BIOS-e820: [mem 0x000000000009fc00-0x000000000009ffff] reserved
[    0.000000] BIOS-e820: [mem 0x00000000000f0000-0x00000000000fffff] reserved
[    0.000000] BIOS-e820: [mem 0x0000000000100000-0x000000003ffeffff] usable
[    0.000000] BIOS-e820: [mem 0x000000003fff0000-0x000000003fffffff] ACPI data
[    0.000000] BIOS-e820: [mem 0x00000000fec00000-0x00000000fec00fff] reserved
[    0.000000] BIOS-e820: [mem 0x00000000fee00000-0x00000000fee00fff] reserved
[    0.000000] BIOS-e820: [mem 0x00000000fffc0000-0x00000000ffffffff] reserved
[    0.000000] NX (Execute Disable) protection: active
[    0.000000] SMBIOS 2.5 present.
[    0.000000] DMI: innotek GmbH VirtualBox/VirtualBox, BIOS VirtualBox 12/01/2006
[    0.000000] Hypervisor detected: KVM
[    0.000000] e820: last_pfn = 0x3fff0 max_arch_pfn = 0x400000000
[    0.000000] MTRR: Disabled
[    0.000000] x86/PAT: MTRRs disabled, skipping PAT initialization too.
[    0.000000] CPU MTRRs all blank - virtualized system.
[    0.000000] x86/PAT: Configuration [0-7]: WB  WT  UC- UC  WB  WT  UC- UC  
[    0.000000] found SMP MP-table at [mem 0x0009fff0-0x0009ffff]
[    0.000000] Scanning 1 areas for low memory corruption
[    0.000000] RAMDISK: [mem 0x359d1000-0x36cdffff]
[    0.000000] ACPI: Early table checksum verification disabled
[    0.000000] ACPI: RSDP 0x00000000000E0000 000024 (v02 VBOX  )
[    0.000000] ACPI: XSDT 0x000000003FFF0030 00003C (v01 VBOX   VBOXXSDT 00000001 ASL  00000061)
[    0.000000] ACPI: FACP 0x000000003FFF00F0 0000F4 (v04 VBOX   VBOXFACP 00000001 ASL  00000061)
[    0.000000] ACPI: DSDT 0x000000003FFF0470 002325 (v02 VBOX   VBOXBIOS 00000002 INTL 20190509)
[    0.000000] ACPI: FACS 0x000000003FFF0200 000040
[    0.000000] ACPI: FACS 0x000000003FFF0200 000040
[    0.000000] ACPI: APIC 0x000000003FFF0240 00005C (v02 VBOX   VBOXAPIC 00000001 ASL  00000061)
[    0.000000] ACPI: SSDT 0x000000003FFF02A0 0001CC (v01 VBOX   VBOXCPUT 00000002 INTL 20190509)
[    0.000000] No NUMA configuration found
[    0.000000] Faking a node at [mem 0x0000000000000000-0x000000003ffeffff]
[    0.000000] NODE_DATA(0) allocated [mem 0x3ffc5000-0x3ffeffff]
[    0.000000] kvm-clock: cpu 0, msr 0:3ff44001, primary cpu clock
[    0.000000] kvm-clock: Using msrs 4b564d01 and 4b564d00
[    0.000000] kvm-clock: using sched offset of 3251493194 cycles
[    0.000000] clocksource: kvm-clock: mask: 0xffffffffffffffff max_cycles: 0x1cd42e4dffb, max_idle_ns: 881590591483 ns
[    0.000000] Zone ranges:
[    0.000000]   DMA      [mem 0x0000000000001000-0x0000000000ffffff]
[    0.000000]   DMA32    [mem 0x0000000001000000-0x000000003ffeffff]
[    0.000000]   Normal   empty
[    0.000000]   Device   empty
[    0.000000] Movable zone start for each node
[    0.000000] Early memory node ranges
[    0.000000]   node   0: [mem 0x0000000000001000-0x000000000009efff]
[    0.000000]   node   0: [mem 0x0000000000100000-0x000000003ffeffff]
[    0.000000] Reserved but unavailable: 98 pages
[    0.000000] Initmem setup node 0 [mem 0x0000000000001000-0x000000003ffeffff]
[    0.000000] ACPI: PM-Timer IO Port: 0x4008
[    0.000000] IOAPIC[0]: apic_id 2, version 32, address 0xfec00000, GSI 0-23
[    0.000000] ACPI: INT_SRC_OVR (bus 0 bus_irq 0 global_irq 2 dfl dfl)
[    0.000000] ACPI: INT_SRC_OVR (bus 0 bus_irq 9 global_irq 9 low level)
[    0.000000] Using ACPI (MADT) for SMP configuration information
[    0.000000] smpboot: Allowing 2 CPUs, 0 hotplug CPUs
[    0.000000] PM: Registered nosave memory: [mem 0x00000000-0x00000fff]
[    0.000000] PM: Registered nosave memory: [mem 0x0009f000-0x0009ffff]
[    0.000000] PM: Registered nosave memory: [mem 0x000a0000-0x000effff]
[    0.000000] PM: Registered nosave memory: [mem 0x000f0000-0x000fffff]
[    0.000000] e820: [mem 0x40000000-0xfebfffff] available for PCI devices
[    0.000000] Booting paravirtualized kernel on KVM
[    0.000000] clocksource: refined-jiffies: mask: 0xffffffff max_cycles: 0xffffffff, max_idle_ns: 7645519600211568 ns
[    0.000000] random: get_random_bytes called from start_kernel+0x99/0x500 with crng_init=0
[    0.000000] setup_percpu: NR_CPUS:8192 nr_cpumask_bits:2 nr_cpu_ids:2 nr_node_ids:1
[    0.000000] percpu: Embedded 45 pages/cpu s147456 r8192 d28672 u1048576
[    0.000000] PV qspinlock hash table entries: 256 (order: 0, 4096 bytes)
[    0.000000] Built 1 zonelists, mobility grouping on.  Total pages: 257913
[    0.000000] Policy zone: DMA32
[    0.000000] Kernel command line: BOOT_IMAGE=/boot/vmlinuz-4.15.0-143-generic root=LABEL=cloudimg-rootfs ro console=tty1 console=ttyS0
[    0.000000] Memory: 982724K/1048120K available (12300K kernel code, 2483K rwdata, 4316K rodata, 2444K init, 2724K bss, 65396K reserved, 0K cma-reserved)
[    0.000000] SLUB: HWalign=64, Order=0-3, MinObjects=0, CPUs=2, Nodes=1
[    0.000000] Kernel/User page tables isolation: enabled
[    0.000000] ftrace: allocating 39437 entries in 155 pages
[    0.004000] Hierarchical RCU implementation.
[    0.004000] 	RCU restricting CPUs from NR_CPUS=8192 to nr_cpu_ids=2.
[    0.004000] 	Tasks RCU enabled.
[    0.004000] RCU: Adjusting geometry for rcu_fanout_leaf=16, nr_cpu_ids=2
[    0.004000] NR_IRQS: 524544, nr_irqs: 440, preallocated irqs: 16
[    0.004000] Console: colour VGA+ 80x25
[    0.004000] console [tty1] enabled
[    0.004000] console [ttyS0] enabled
[    0.004000] ACPI: Core revision 20170831
[    0.004000] ACPI: 2 ACPI AML tables successfully acquired and loaded
[    0.004000] APIC: Switch to symmetric I/O mode setup
[    0.004000] x2apic enabled
[    0.004000] Switched APIC routing to physical x2apic.
[    0.004000] ..TIMER: vector=0x30 apic1=0 pin1=2 apic2=-1 pin2=-1
[    0.004000] tsc: Detected 2904.060 MHz processor
[    0.004009] Calibrating delay loop (skipped) preset value.. 5808.12 BogoMIPS (lpj=11616240)
[    0.005012] pid_max: default: 32768 minimum: 301
[    0.005651] Security Framework initialized
[    0.006221] Yama: becoming mindful.
[    0.006752] AppArmor: AppArmor initialized
[    0.008022] Dentry cache hash table entries: 131072 (order: 8, 1048576 bytes)
[    0.008965] Inode-cache hash table entries: 65536 (order: 7, 524288 bytes)
[    0.009758] Mount-cache hash table entries: 2048 (order: 2, 16384 bytes)
[    0.010860] Mountpoint-cache hash table entries: 2048 (order: 2, 16384 bytes)
[    0.011956] Last level iTLB entries: 4KB 128, 2MB 8, 4MB 8
[    0.012002] Last level dTLB entries: 4KB 64, 2MB 0, 4MB 0, 1GB 4
[    0.012705] Spectre V1 : Mitigation: usercopy/swapgs barriers and __user pointer sanitization
[    0.013754] Spectre V2 : Mitigation: Full generic retpoline
[    0.014470] Spectre V2 : Spectre v2 / SpectreRSB mitigation: Filling RSB on context switch
[    0.016001] Speculative Store Bypass: Vulnerable
[    0.016783] SRBDS: Unknown: Dependent on hypervisor status
[    0.017413] MDS: Mitigation: Clear CPU buffers
[    0.018074] Freeing SMP alternatives memory: 36K
[    0.128470] smpboot: CPU0: Intel(R) Core(TM) i5-9400F CPU @ 2.90GHz (family: 0x6, model: 0x9e, stepping: 0xa)
[    0.129712] Performance Events: unsupported p6 CPU model 158 no PMU driver, software events only.
[    0.130739] Hierarchical SRCU implementation.
[    0.131869] NMI watchdog: Perf event create on CPU 0 failed with -2
[    0.132002] NMI watchdog: Perf NMI watchdog permanently disabled
[    0.132739] smp: Bringing up secondary CPUs ...
[    0.133340] x86: Booting SMP configuration:
[    0.133849] .... node  #0, CPUs:      #1
[    0.004000] kvm-clock: cpu 1, msr 0:3ff44041, secondary cpu clock
[    0.136015] smp: Brought up 1 node, 2 CPUs
[    0.136520] smpboot: Max logical packages: 1
[    0.137006] smpboot: Total of 2 processors activated (11616.24 BogoMIPS)
[    0.137864] devtmpfs: initialized
[    0.137864] x86/mm: Memory block size: 128MB
[    0.137864] evm: security.selinux
[    0.140004] evm: security.SMACK64
[    0.140428] evm: security.SMACK64EXEC
[    0.140872] evm: security.SMACK64TRANSMUTE
[    0.141353] evm: security.SMACK64MMAP
[    0.141828] evm: security.apparmor
[    0.142238] evm: security.ima
[    0.142602] evm: security.capability
[    0.143101] clocksource: jiffies: mask: 0xffffffff max_cycles: 0xffffffff, max_idle_ns: 7645041785100000 ns
[    0.144005] futex hash table entries: 512 (order: 3, 32768 bytes)
[    0.145128] pinctrl core: initialized pinctrl subsystem
[    0.145833] RTC time: 22:18:57, date: 05/23/21
[    0.146543] NET: Registered protocol family 16
[    0.147122] audit: initializing netlink subsys (disabled)
[    0.148025] audit: type=2000 audit(1621808342.467:1): state=initialized audit_enabled=0 res=1
[    0.148088] cpuidle: using governor ladder
[    0.148519] cpuidle: using governor menu
[    0.149049] ACPI: bus type PCI registered
[    0.149520] acpiphp: ACPI Hot Plug PCI Controller Driver version: 0.5
[    0.150291] PCI: Using configuration type 1 for base access
[    0.152717] HugeTLB registered 2.00 MiB page size, pre-allocated 0 pages
[    0.152817] ACPI: Added _OSI(Module Device)
[    0.152817] ACPI: Added _OSI(Processor Device)
[    0.153114] ACPI: Added _OSI(3.0 _SCP Extensions)
[    0.156006] ACPI: Added _OSI(Processor Aggregator Device)
[    0.156611] ACPI: Added _OSI(Linux-Dell-Video)
[    0.157132] ACPI: Added _OSI(Linux-Lenovo-NV-HDMI-Audio)
[    0.157816] ACPI: Added _OSI(Linux-HPI-Hybrid-Graphics)
[    0.158626] ACPI: Executed 1 blocks of module-level executable AML code
[    0.161962] ACPI: Interpreter enabled
[    0.162446] ACPI: (supports S0 S5)
[    0.162895] ACPI: Using IOAPIC for interrupt routing
[    0.163613] PCI: Using host bridge windows from ACPI; if necessary, use "pci=nocrs" and report a bug
[    0.164114] ACPI: Enabled 2 GPEs in block 00 to 07
[    0.169260] ACPI: PCI Root Bridge [PCI0] (domain 0000 [bus 00-ff])
[    0.169993] acpi PNP0A03:00: _OSC: OS supports [ASPM ClockPM Segments MSI]
[    0.171071] acpi PNP0A03:00: _OSC: not requesting OS control; OS requires [ExtendedConfig ASPM ClockPM MSI]
[    0.172009] acpi PNP0A03:00: fail to add MMCONFIG information, can't access extended PCI configuration space under this bridge.
[    0.173504] PCI host bridge to bus 0000:00
[    0.174025] pci_bus 0000:00: root bus resource [io  0x0000-0x0cf7 window]
[    0.174784] pci_bus 0000:00: root bus resource [io  0x0d00-0xffff window]
[    0.175519] pci_bus 0000:00: root bus resource [mem 0x000a0000-0x000bffff window]
[    0.176002] pci_bus 0000:00: root bus resource [mem 0x40000000-0xfdffffff window]
[    0.176874] pci_bus 0000:00: root bus resource [bus 00-ff]
[    0.178689] pci 0000:00:01.1: legacy IDE quirk: reg 0x10: [io  0x01f0-0x01f7]
[    0.180002] pci 0000:00:01.1: legacy IDE quirk: reg 0x14: [io  0x03f6]
[    0.180716] pci 0000:00:01.1: legacy IDE quirk: reg 0x18: [io  0x0170-0x0177]
[    0.181980] pci 0000:00:01.1: legacy IDE quirk: reg 0x1c: [io  0x0376]
[    0.191505] pci 0000:00:07.0: quirk: [io  0x4000-0x403f] claimed by PIIX4 ACPI
[    0.192016] pci 0000:00:07.0: quirk: [io  0x4100-0x410f] claimed by PIIX4 SMB
[    0.198736] ACPI: PCI Interrupt Link [LNKA] (IRQs 5 9 10 *11)
[    0.199653] ACPI: PCI Interrupt Link [LNKB] (IRQs 5 9 *10 11)
[    0.200089] ACPI: PCI Interrupt Link [LNKC] (IRQs 5 *9 10 11)
[    0.200859] ACPI: PCI Interrupt Link [LNKD] (IRQs 5 9 10 *11)
[    0.201795] SCSI subsystem initialized
[    0.202318] pci 0000:00:02.0: vgaarb: setting as boot VGA device
[    0.202318] pci 0000:00:02.0: vgaarb: VGA device added: decodes=io+mem,owns=io+mem,locks=none
[    0.204009] pci 0000:00:02.0: vgaarb: bridge control possible
[    0.204682] vgaarb: loaded
[    0.205113] ACPI: bus type USB registered
[    0.205599] usbcore: registered new interface driver usbfs
[    0.206212] usbcore: registered new interface driver hub
[    0.206814] usbcore: registered new device driver usb
[    0.208045] EDAC MC: Ver: 3.0.0
[    0.208577] PCI: Using ACPI for IRQ routing
[    0.208729] NetLabel: Initializing
[    0.209145] NetLabel:  domain hash size = 128
[    0.209686] NetLabel:  protocols = UNLABELED CIPSOv4 CALIPSO
[    0.210320] NetLabel:  unlabeled traffic allowed by default
[    0.212059] clocksource: Switched to clocksource kvm-clock
[    0.220378] VFS: Disk quotas dquot_6.6.0
[    0.220930] VFS: Dquot-cache hash table entries: 512 (order 0, 4096 bytes)
[    0.221793] AppArmor: AppArmor Filesystem Enabled
[    0.222382] pnp: PnP ACPI init
[    0.223477] pnp: PnP ACPI: found 3 devices
[    0.230997] clocksource: acpi_pm: mask: 0xffffff max_cycles: 0xffffff, max_idle_ns: 2085701024 ns
[    0.232085] NET: Registered protocol family 2
[    0.232775] TCP established hash table entries: 8192 (order: 4, 65536 bytes)
[    0.233617] TCP bind hash table entries: 8192 (order: 5, 131072 bytes)
[    0.234798] TCP: Hash tables configured (established 8192 bind 8192)
[    0.235563] UDP hash table entries: 512 (order: 2, 16384 bytes)
[    0.236252] UDP-Lite hash table entries: 512 (order: 2, 16384 bytes)
[    0.237034] NET: Registered protocol family 1
[    0.237590] pci 0000:00:00.0: Limiting direct PCI/PCI transfers
[    0.238263] pci 0000:00:01.0: Activating ISA DMA hang workarounds
[    0.238966] pci 0000:00:02.0: Video device with shadowed ROM at [mem 0x000c0000-0x000dffff]
[    0.239971] Unpacking initramfs...
[    0.453686] Freeing initrd memory: 19516K
[    0.454354] clocksource: tsc: mask: 0xffffffffffffffff max_cycles: 0x29dc3e5d61a, max_idle_ns: 440795277815 ns
[    0.455540] platform rtc_cmos: registered platform RTC device (no PNP device found)
[    0.456537] Scanning for low memory corruption every 60 seconds
[    0.457765] Initialise system trusted keyrings
[    0.458333] Key type blacklist registered
[    0.458912] workingset: timestamp_bits=36 max_order=18 bucket_order=0
[    0.460384] zbud: loaded
[    0.461968] squashfs: version 4.0 (2009/01/31) Phillip Lougher
[    0.463932] fuse init (API version 7.26)
[    0.465738] Key type asymmetric registered
[    0.466307] Asymmetric key parser 'x509' registered
[    0.466897] Block layer SCSI generic (bsg) driver version 0.4 loaded (major 246)
[    0.467893] io scheduler noop registered
[    0.468412] io scheduler deadline registered
[    0.469002] io scheduler cfq registered (default)
[    0.469802] ACPI: AC Adapter [AC] (on-line)
[    0.470408] input: Power Button as /devices/LNXSYSTM:00/LNXPWRBN:00/input/input0
[    0.471415] ACPI: Power Button [PWRF]
[    0.471948] input: Sleep Button as /devices/LNXSYSTM:00/LNXSLPBN:00/input/input1
[    0.472839] ACPI: Sleep Button [SLPF]
[    0.473624] Serial: 8250/16550 driver, 32 ports, IRQ sharing enabled
[    0.494902] 00:02: ttyS0 at I/O 0x3f8 (irq = 4, base_baud = 115200) is a 16550A
[    0.497509] Linux agpgart interface v0.103
[    0.499025] loop: module loaded
[    0.499901] scsi host0: ata_piix
[    0.500536] scsi host1: ata_piix
[    0.501006] ata1: PATA max UDMA/33 cmd 0x1f0 ctl 0x3f6 bmdma 0xd000 irq 14
[    0.501804] ata2: PATA max UDMA/33 cmd 0x170 ctl 0x376 bmdma 0xd008 irq 15
[    0.502735] libphy: Fixed MDIO Bus: probed
[    0.503319] tun: Universal TUN/TAP device driver, 1.6
[    0.503986] PPP generic driver version 2.4.2
[    0.504771] ehci_hcd: USB 2.0 'Enhanced' Host Controller (EHCI) Driver
[    0.505562] ehci-pci: EHCI PCI platform driver
[    0.506170] ehci-platform: EHCI generic platform driver
[    0.506826] ohci_hcd: USB 1.1 'Open' Host Controller (OHCI) Driver
[    0.507628] ohci-pci: OHCI PCI platform driver
[    0.508247] ohci-platform: OHCI generic platform driver
[    0.508933] uhci_hcd: USB Universal Host Controller Interface driver
[    0.509914] i8042: PNP: PS/2 Controller [PNP0303:PS2K,PNP0f03:PS2M] at 0x60,0x64 irq 1,12
[    0.511254] serio: i8042 KBD port at 0x60,0x64 irq 1
[    0.511890] serio: i8042 AUX port at 0x60,0x64 irq 12
[    0.512757] mousedev: PS/2 mouse device common for all mice
[    0.513893] input: AT Translated Set 2 keyboard as /devices/platform/i8042/serio0/input/input2
[    0.514904] rtc_cmos rtc_cmos: rtc core: registered rtc_cmos as rtc0
[    0.515807] rtc_cmos rtc_cmos: alarms up to one day, 114 bytes nvram
[    0.516746] i2c /dev entries driver
[    0.517203] device-mapper: uevent: version 1.0.3
[    0.517846] device-mapper: ioctl: 4.37.0-ioctl (2017-09-20) initialised: dm-devel@redhat.com
[    0.518845] ledtrig-cpu: registered to indicate activity on CPUs
[    0.519798] NET: Registered protocol family 10
[    0.522913] Segment Routing with IPv6
[    0.523428] NET: Registered protocol family 17
[    0.524038] Key type dns_resolver registered
[    0.524653] mce: Using 0 MCE banks
[    0.525112] RAS: Correctable Errors collector initialized.
[    0.525777] sched_clock: Marking stable (524634196, 0)->(618553409, -93919213)
[    0.526841] registered taskstats version 1
[    0.527336] Loading compiled-in X.509 certificates
[    0.529521] Loaded X.509 cert 'Build time autogenerated kernel key: de118354fe72448b469776565e76ac30c08e8db2'
[    0.531058] Loaded X.509 cert 'Canonical Ltd. Live Patch Signing: 14df34d1a87cf37625abec039ef2bf521249b969'
[    0.532597] Loaded X.509 cert 'Canonical Ltd. Kernel Module Signing: 88f752e560a1e0737e31163a466ad7b70a850c19'
[    0.533714] zswap: loaded using pool lzo/zbud
[    0.536941] Key type big_key registered
[    0.537450] Key type trusted registered
[    0.539061] Key type encrypted registered
[    0.539569] AppArmor: AppArmor sha1 policy hashing enabled
[    0.540217] ima: No TPM chip found, activating TPM-bypass! (rc=-19)
[    0.540971] ima: Allocated hash algorithm: sha1
[    0.541493] evm: HMAC attrs: 0x1
[    0.542052]   Magic number: 5:329:351
[    0.542612] rtc_cmos rtc_cmos: setting system clock to 2021-05-23 22:18:57 UTC (1621808337)
[    0.543618] BIOS EDD facility v0.16 2004-Jun-25, 0 devices found
[    0.544310] EDD information not available.
[    0.697122] Freeing unused kernel image memory: 2444K
[    1.462472] Write protecting the kernel read-only data: 20480k
[    1.468466] Freeing unused kernel image memory: 2008K
[    1.472735] Freeing unused kernel image memory: 1828K
[    1.499525] x86/mm: Checked W+X mappings: passed, no W+X pages found.
[    1.501617] x86/mm: Checking user space page tables
[    1.512939] x86/mm: Checked W+X mappings: passed, no W+X pages found.
Loading, please wait...
starting version 237
[    1.567247] e1000: Intel(R) PRO/1000 Network Driver - version 7.3.21-k8-NAPI
[    1.568196] e1000: Copyright (c) 1999-2006 Intel Corporation.
[    1.571676] Fusion MPT base driver 3.04.20
[    1.572227] Copyright (c) 1999-2008 LSI Corporation
[    1.575074] Fusion MPT SPI Host driver 3.04.20
[    1.588956] AVX2 version of gcm_enc/dec engaged.
[    1.589630] AES CTR mode by8 optimization enabled
[    1.789003] input: ImExPS/2 Generic Explorer Mouse as /devices/platform/i8042/serio1/input/input4
[    1.910876] e1000 0000:00:03.0 eth0: (PCI:33MHz:32-bit) 02:8b:be:4f:98:1f
[    1.911790] e1000 0000:00:03.0 eth0: Intel(R) PRO/1000 Network Connection
[    1.913314] mptbase: ioc0: Initiating bringup
[    2.008814] ioc0: LSI53C1030 A0: Capabilities={Initiator}
[    2.254823] scsi host2: ioc0: LSI53C1030 A0, FwRev=00000000h, Ports=1, MaxQ=256, IRQ=20
[    2.425096] scsi 2:0:0:0: Direct-Access     VBOX     HARDDISK         1.0  PQ: 0 ANSI: 5
[    2.456062] scsi target2:0:0: Beginning Domain Validation
[    2.458759] scsi target2:0:0: Domain Validation skipping write tests
[    2.459897] scsi target2:0:0: Ending Domain Validation
[    2.461147] scsi target2:0:0: asynchronous
[    2.462627] scsi 2:0:1:0: Direct-Access     VBOX     HARDDISK         1.0  PQ: 0 ANSI: 5
[    2.494103] scsi target2:0:1: Beginning Domain Validation
[    2.532532] random: fast init done
[    2.533049] scsi target2:0:1: Domain Validation skipping write tests
[    2.533787] scsi target2:0:1: Ending Domain Validation
[    2.534420] scsi target2:0:1: asynchronous
[    2.536950] random: systemd-udevd: uninitialized urandom read (16 bytes read)
[    2.537771] random: systemd-udevd: uninitialized urandom read (16 bytes read)
[    2.538599] random: systemd-udevd: uninitialized urandom read (16 bytes read)
[    2.539601] sd 2:0:0:0: Attached scsi generic sg0 type 0
[    2.540365] sd 2:0:0:0: [sda] 83886080 512-byte logical blocks: (42.9 GB/40.0 GiB)
[    2.541327] sd 2:0:0:0: [sda] Write Protect is off
[    2.541990] sd 2:0:0:0: [sda] Incomplete mode parameter data
[    2.542721] sd 2:0:0:0: [sda] Assuming drive cache: write through
[    2.543464] sd 2:0:1:0: Attached scsi generic sg1 type 0
[    2.544768]  sda: sda1
[    2.545372] sd 2:0:0:0: [sda] Attached SCSI disk
[    2.549823] sd 2:0:1:0: [sdb] 20480 512-byte logical blocks: (10.5 MB/10.0 MiB)
[    2.551309] sd 2:0:1:0: [sdb] Write Protect is off
[    2.560133] sd 2:0:1:0: [sdb] Incomplete mode parameter data
[    2.560853] sd 2:0:1:0: [sdb] Assuming drive cache: write through
[    2.563494] sd 2:0:1:0: [sdb] Attached SCSI disk
[    2.786926] e1000 0000:00:08.0 eth1: (PCI:33MHz:32-bit) 08:00:27:30:31:02
[    2.787875] e1000 0000:00:08.0 eth1: Intel(R) PRO/1000 Network Connection
[    2.789553] e1000 0000:00:03.0 enp0s3: renamed from eth0
[    2.804946] e1000 0000:00:08.0 enp0s8: renamed from eth1
Begin: Loading essential drivers ... [    4.215761] raid6: sse2x1   gen() 14965 MB/s
[    4.267752] raid6: sse2x1   xor() 10944 MB/s
[    4.320198] raid6: sse2x2   gen() 18794 MB/s
[    4.375858] raid6: sse2x2   xor() 13418 MB/s
[    4.427758] raid6: sse2x4   gen() 21066 MB/s
[    4.487684] raid6: sse2x4   xor() 15594 MB/s
[    4.543858] raid6: avx2x1   gen() 32250 MB/s
[    4.595702] raid6: avx2x1   xor() 21315 MB/s
[    4.644830] raid6: avx2x2   gen() 33296 MB/s
[    4.703904] raid6: avx2x2   xor() 27234 MB/s
[    4.755689] raid6: avx2x4   gen() 42469 MB/s
[    4.812001] raid6: avx2x4   xor() 27591 MB/s
[    4.812590] raid6: using algorithm avx2x4 gen() 42469 MB/s
[    4.813254] raid6: .... xor() 27591 MB/s, rmw enabled
[    4.813879] raid6: using avx2x2 recovery algorithm
[    4.815454] xor: automatically using best checksumming function   avx       
[    4.817067] async_tx: api initialized (async)
done.
Begin: Running /scripts/init-premount ... done.
Begin: Mounting root file system ... Begin: Running /scripts/local-top ... done.
Begin: Running /scripts/local-premount ... [    4.851082] Btrfs loaded, crc32c=crc32c-intel
Scanning for Btrfs filesystems
done.
Warning: fsck not present, so skipping root file system
[    4.875380] EXT4-fs (sda1): mounted filesystem with ordered data mode. Opts: (null)
done.
Begin: Running /scripts/local-bottom ... done.
Begin: Running /scripts/init-bottom ... done.
[    5.145414] ip_tables: (C) 2000-2006 Netfilter Core Team
[    5.157304] systemd[1]: systemd 237 running in system mode. (+PAM +AUDIT +SELINUX +IMA +APPARMOR +SMACK +SYSVINIT +UTMP +LIBCRYPTSETUP +GCRYPT +GNUTLS +ACL +XZ +LZ4 +SECCOMP +BLKID +ELFUTILS +KMOD -IDN2 +IDN -PCRE2 default-hierarchy=hybrid)
[    5.161200] systemd[1]: Detected virtualization oracle.
[    5.162203] systemd[1]: Detected architecture x86-64.

Welcome to [1mUbuntu 18.04.5 LTS[0m!

[    5.168497] systemd[1]: Set hostname to <ubuntu>.
[    5.172221] systemd[1]: Initializing machine ID from random generator.
[    5.173458] systemd[1]: Installed transient /etc/machine-id file.
[    5.503293] systemd[1]: Created slice User and Session Slice.
[[0;32m  OK  [0m] Created slice User and Session Slice.
[    5.504930] systemd[1]: Started Forward Password Requests to Wall Directory Watch.
[[0;32m  OK  [0m] Started Forward Password Requests to Wall Directory Watch.
[    5.506665] systemd[1]: Reached target System Time Synchronized.
[[0;32m  OK  [0m] Reached target System Time Synchronized.
[    5.508390] systemd[1]: Set up automount Arbitrary Executable File Formats File System Automount Point.
[[0;32m  OK  [0m] Set up automount Arbitrary Executab…rmats File System Automount Point.
[[0;32m  OK  [0m] Reached target User and Group Name Lookups.
[[0;32m  OK  [0m] Created slice System Slice.
[[0;32m  OK  [0m] Listening on udev Kernel Socket.
[[0;32m  OK  [0m] Created slice system-serial\x2dgetty.slice.
[[0;32m  OK  [0m] Listening on Syslog Socket.
[[0;32m  OK  [0m] Listening on Journal Socket.
         Mounting POSIX Message Queue File System...
         Mounting Huge Pages File System...
         Starting Uncomplicated firewall...
[[0;32m  OK  [0m] Listening on udev Control Socket.
         Starting udev Coldplug all Devices...
[[0;32m  OK  [0m] Listening on fsck to fsckd communication Socket.
         Starting Set the console keyboard layout...
[[0;32m  OK  [0m] Listening on /dev/initctl Compatibility Named Pipe.
[[0;32m  OK  [0m] Reached target Slices.
[[0;32m  OK  [0m] Listening on Journal Socket (/dev/log).
         Mounting Kernel Debug File System...
[[0;32m  OK  [0m] Listening on Journal Audit Socket.
         Starting Journal Service...
         Starting File System Check on Root Device...
[[0;32m  OK  [0m] Listening on Device-mapper event daemon FIFOs.
         Starting Load Kernel Modules...
[[0;32m  OK  [0m] Reached target Swap.
[[0;32m  OK  [0m] Listening on LVM2 metadata daemon socket.
         Starting Monitoring of LVM2 mirrors…ng dmeventd or progress polling...
[[0;32m  OK  [0m] Listening on LVM2 poll daemon socket.
         Starting Create list of required st…ce nodes for the current kernel...
[[0;32m  OK  [0m] Listening on Network Service Netlink Socket.
[[0;32m  OK  [0m] Started Journal Service.
[[0;32m  OK  [0m] Mounted POSIX Message Queue File System.
[[0;32m  OK  [0m] Mounted Huge Pages File System.
[[0;32m  OK  [0m] Started Uncomplicated firewall.
[[0;32m  OK  [0m] Mounted Kernel Debug File System.
[[0;32m  OK  [0m] Started File System Check Daemon to report status.
[[0;32m  OK  [0m] Started udev Coldplug all Devices.
[    5.626044] Loading iSCSI transport class v2.0-870.
[    5.631106] iscsi: registered transport (tcp)
[    5.644459] iscsi: registered transport (iser)
[[0;32m  OK  [0m] Started Load Kernel Modules.
         Mounting FUSE Control File System...
         Mounting Kernel Configuration File System...
         Starting Apply Kernel Variables...
[[0;32m  OK  [0m] Mounted FUSE Control File System.
[[0;32m  OK  [0m] Mounted Kernel Configuration File System.
[[0;32m  OK  [0m] Started LVM2 metadata daemon.
[[0;32m  OK  [0m] Started Create list of required sta…vice nodes for the current kernel.
         Starting Create Static Device Nodes in /dev...
[[0;32m  OK  [0m] Started File System Check on Root Device.
         Starting Remount Root and Kernel File Systems...
[[0;32m  OK  [0m] Started Create Static Device Nodes in /dev.
[[0;32m  OK  [0m] Started Apply Kernel Variables.
[[0;32m  OK  [0m] Started Remount Root and Kernel File Systems.
         Starting Load/Save Random Seed...
         Starting Flush Journal to Persistent Storage...
         Starting udev Kernel Device Manager...
[[0;32m  OK  [0m] Started Set the console keyboard layout.
[[0;32m  OK  [0m] Started Load/Save Random Seed.
[[0;32m  OK  [0m] Started udev Kernel Device Manager.
[[0;32m  OK  [0m] Started Dispatch Password Requests to Console Directory Watch.
[[0;32m  OK  [0m] Reached target Local Encrypted Volumes.
[[0;32m  OK  [0m] Started Monitoring of LVM2 mirrors,…sing dmeventd or progress polling.
[[0;32m  OK  [0m] Reached target Local File Systems (Pre).
[[0;32m  OK  [0m] Reached target Local File Systems.
         Starting AppArmor initialization...
         Starting Set console font and keymap...
         Starting Commit a transient machine-id on disk...
         Starting ebtables ruleset management...
         Starting Tell Plymouth To Write Out Runtime Data...
[[0;32m  OK  [0m] Started Flush Journal to Persistent Storage.
         Starting Create Volatile Files and Directories...
[[0;32m  OK  [0m] Started Tell Plymouth To Write Out Runtime Data.
[[0;32m  OK  [0m] Started Set console font and keymap.
[[0;32m  OK  [0m] Started Commit a transient machine-id on disk.
[[0;32m  OK  [0m] Started Create Volatile Files and Directories.
         Starting Update UTMP about System Boot/Shutdown...
[[0;32m  OK  [0m] Started Update UTMP about System Boot/Shutdown.
[[0;32m  OK  [0m] Started ebtables ruleset management.
[[0;32m  OK  [0m] Found device /dev/ttyS0.
[[0;32m  OK  [0m] Listening on Load/Save RF Kill Switch Status /dev/rfkill Watch.
[[0;32m  OK  [0m] Started AppArmor initialization.
         Starting Initial cloud-init job (pre-networking)...
         Starting Load AppArmor profiles managed internally by snapd...
[[0;32m  OK  [0m] Started Load AppArmor profiles managed internally by snapd.
[    7.603524] cloud-init[574]: Cloud-init v. 21.1-19-gbad84ad4-0ubuntu1~18.04.2 running 'init-local' at Sun, 23 May 2021 22:19:04 +0000. Up 7.36 seconds.
[[0;32m  OK  [0m] Started Initial cloud-init job (pre-networking).
[[0;32m  OK  [0m] Reached target Network (Pre).
         Starting Network Service...
[[0;32m  OK  [0m] Started Network Service.
         Starting Network Name Resolution...
         Starting Wait for Network to be Configured...
[[0;32m  OK  [0m] Started Network Name Resolution.
[[0;32m  OK  [0m] Reached target Host and Network Name Lookups.
[[0;32m  OK  [0m] Reached target Network.
[[0;32m  OK  [0m] Started Wait for Network to be Configured.
         Starting Initial cloud-init job (metadata service crawler)...
[    9.469270] cloud-init[726]: Cloud-init v. 21.1-19-gbad84ad4-0ubuntu1~18.04.2 running 'init' at Sun, 23 May 2021 22:19:06 +0000. Up 9.37 seconds.
[    9.472169] cloud-init[726]: ci-info: ++++++++++++++++++++++++++++++++++++++Net device info+++++++++++++++++++++++++++++++++++++++
[    9.474076] cloud-init[726]: ci-info: +--------+-------+----------------------------+---------------+--------+-------------------+
[    9.474930] cloud-init[726]: ci-info: | Device |   Up  |          Address           |      Mask     | Scope  |     Hw-Address    |
[    9.476173] cloud-init[726]: ci-info: +--------+-------+----------------------------+---------------+--------+-------------------+
[    9.477347] cloud-init[726]: ci-info: | enp0s3 |  True |         10.0.2.15          | 255.255.255.0 | global | 02:8b:be:4f:98:1f |
[    9.478459] cloud-init[726]: ci-info: | enp0s3 |  True | fe80::8b:beff:fe4f:981f/64 |       .       |  link  | 02:8b:be:4f:98:1f |
[    9.479497] cloud-init[726]: ci-info: | enp0s8 | False |             .              |       .       |   .    | 08:00:27:30:31:02 |
[    9.480786] cloud-init[726]: ci-info: |   lo   |  True |         127.0.0.1          |   255.0.0.0   |  host  |         .         |
[    9.481899] cloud-init[726]: ci-info: |   lo   |  True |          ::1/128           |       .       |  host  |         .         |
[    9.482933] cloud-init[726]: ci-info: +--------+-------+----------------------------+---------------+--------+-------------------+
[    9.483765] cloud-init[726]: ci-info: ++++++++++++++++++++++++++++Route IPv4 info+++++++++++++++++++++++++++++
[    9.484455] cloud-init[726]: ci-info: +-------+-------------+----------+-----------------+-----------+-------+
[    9.485318] cloud-init[726]: ci-info: | Route | Destination | Gateway  |     Genmask     | Interface | Flags |
[    9.486185] cloud-init[726]: ci-info: +-------+-------------+----------+-----------------+-----------+-------+
[    9.486909] cloud-init[726]: ci-info: |   0   |   0.0.0.0   | 10.0.2.2 |     0.0.0.0     |   enp0s3  |   UG  |
[    9.489556] cloud-init[726]: ci-info: |   1   |   10.0.2.0  | 0.0.0.0  |  255.255.255.0  |   enp0s3  |   U   |
[    9.490345] cloud-init[726]: ci-info: |   2   |   10.0.2.2  | 0.0.0.0  | 255.255.255.255 |   enp0s3  |   UH  |
[    9.491267] cloud-init[726]: ci-info: +-------+-------------+----------+-----------------+-----------+-------+
[    9.492274] cloud-init[726]: ci-info: +++++++++++++++++++Route IPv6 info+++++++++++++++++++
[    9.494280] cloud-init[726]: ci-info: +-------+-------------+---------+-----------+-------+
[    9.495022] cloud-init[726]: ci-info: | Route | Destination | Gateway | Interface | Flags |
[    9.508344] cloud-init[726]: ci-info: +-------+-------------+---------+-----------+-------+
[    9.508947] cloud-init[726]: ci-info: |   1   |  fe80::/64  |    ::   |   enp0s3  |   U   |
[    9.509633] cloud-init[726]: ci-info: |   3   |    local    |    ::   |   enp0s3  |   U   |
[    9.510341] cloud-init[726]: ci-info: |   4   |   ff00::/8  |    ::   |   enp0s3  |   U   |
[    9.510983] cloud-init[726]: ci-info: +-------+-------------+---------+-----------+-------+
[   10.407949] cloud-init[726]: Generating public/private rsa key pair.
[   10.408537] cloud-init[726]: Your identification has been saved in /etc/ssh/ssh_host_rsa_key.
[   10.409330] cloud-init[726]: Your public key has been saved in /etc/ssh/ssh_host_rsa_key.pub.
[   10.410100] cloud-init[726]: The key fingerprint is:
[   10.410660] cloud-init[726]: SHA256:CgtlWyJDuIKtrJ4krlOt6+nZqld7E9lzSQ9uBIula7E root@ubuntu-bionic
[   10.411516] cloud-init[726]: The key's randomart image is:
[   10.412196] cloud-init[726]: +---[RSA 2048]----+
[   10.412866] cloud-init[726]: | ..              |
[   10.413753] cloud-init[726]: |..      o        |
[   10.414650] cloud-init[726]: |.oo + .+ o       |
[   10.415468] cloud-init[726]: |+ .= ++ . +      |
[   10.416391] cloud-init[726]: |o...o  *S+ +     |
[   10.416859] cloud-init[726]: |....ooE.o = .    |
[   10.417237] cloud-init[726]: |oo o.o.. +       |
[   10.417732] cloud-init[726]: |* ++. o          |
[   10.418194] cloud-init[726]: |=XBo.. .         |
[   10.418838] cloud-init[726]: +----[SHA256]-----+
[   10.419342] cloud-init[726]: Generating public/private dsa key pair.
[   10.419942] cloud-init[726]: Your identification has been saved in /etc/ssh/ssh_host_dsa_key.
[   10.420700] cloud-init[726]: Your public key has been saved in /etc/ssh/ssh_host_dsa_key.pub.
[   10.421450] cloud-init[726]: The key fingerprint is:
[   10.421952] cloud-init[726]: SHA256:mgNeLCji6dqYYjFmlScuNEW3UpAX/TxnyTrOAW2iNqg root@ubuntu-bionic
[   10.422757] cloud-init[726]: The key's randomart image is:
[   10.423100] cloud-init[726]: +---[DSA 1024]----+
[   10.423607] cloud-init[726]: |  .oo+o          |
[   10.424045] cloud-init[726]: |   oo...         |
[   10.424571] cloud-init[726]: |  ..o.  + . .    |
[   10.425054] cloud-init[726]: | o =.o o * =     |
[   10.425537] cloud-init[726]: |+ = * + S =      |
[   10.426228] cloud-init[726]: |oB.+ B o +       |
[   10.426746] cloud-init[726]: |oo= o = o o      |
[   10.427228] cloud-init[726]: |oE     . o       |
[   10.427713] cloud-init[726]: |B..              |
[   10.428237] cloud-init[726]: +----[SHA256]-----+
[   10.428738] cloud-init[726]: Generating public/private ecdsa key pair.
[   10.429355] cloud-init[726]: Your identification has been saved in /etc/ssh/ssh_host_ecdsa_key.
[   10.430116] cloud-init[726]: Your public key has been saved in /etc/ssh/ssh_host_ecdsa_key.pub.
[   10.430893] cloud-init[726]: The key fingerprint is:
[   10.431401] cloud-init[726]: SHA256:xFUXg4bNnCD+Vm718HdG8/74QPAItpI/iDagg6mOXno root@ubuntu-bionic
[   10.432224] cloud-init[726]: The key's randomart image is:
[   10.432890] cloud-init[726]: +---[ECDSA 256]---+
[   10.433388] cloud-init[726]: |        . oB.o+. |
[   10.433867] cloud-init[726]: |       o o. B. . |
[   10.434350] cloud-init[726]: |        + o.o o..|
[   10.434727] cloud-init[726]: |       . + = = =o|
[   10.435235] cloud-init[726]: |    .   S + + o B|
[   10.435718] cloud-init[726]: | o . . . = . . oo|
[   10.436253] cloud-init[726]: |o o.  + . o   . .|
[   10.436740] cloud-init[726]: |o oE . .   .   o.|
[   10.437220] cloud-init[726]: |=+.           ..o|
[   10.437702] cloud-init[726]: +----[SHA256]-----+
[   10.438183] cloud-init[726]: Generating public/private ed25519 key pair.
[   10.438811] cloud-init[726]: Your identification has been saved in /etc/ssh/ssh_host_ed25519_key.
[   10.439594] cloud-init[726]: Your public key has been saved in /etc/ssh/ssh_host_ed25519_key.pub.
[   10.440401] cloud-init[726]: The key fingerprint is:
[   10.440917] cloud-init[726]: SHA256:vGo8ngtTpum/ZLKvj7Nk1XGS8RJvOOaawvOXAT7Vz+8 root@ubuntu-bionic
[   10.441710] cloud-init[726]: The key's randomart image is:
[   10.442251] cloud-init[726]: +--[ED25519 256]--+
[   10.442725] [[0;32m  OK  [0m] Started Initial cloud-init job (metadata service crawler).
[[0;32m  OK  [0m] Reached target Network is Online.
cloud-init[726]: |        o        |
         Starting Availability of block devices...
[[0;32m  OK  [0m] Reached target Remote File Systems (Pre).
[[0;32m  OK  [0m] Reached target Remote File Systems.
[[0;32m  OK  [0m] Reached target Cloud-config availability.
[[0;32m  OK  [0m] Reached target System Initialization.
[[0;32m  OK  [0m] Listening on Open-iSCSI iscsid Socket.
[[0;32m  OK  [0m] Listening on ACPID Listen Socket.
[[0;32m  OK  [0m] Started Daily Cleanup of Temporary Directories.
         Starting Socket activation for snappy daemon.
[[0;32m  OK  [0m] Listening on UUID daemon activation socket.
[[0;32m  OK  [0m] Started Daily apt download activities.
[[0;32m  OK  [0m] Started Daily apt upgrade and clean activities.
[[0;32m  OK  [0m] Listening on D-Bus System Message Bus Socket.
[[0;32m  OK  [0m] Started Ubuntu Advantage update messaging.
[   10.447516] cloud-init[726]: |         B       |
         Starting LXD - unix socket.
[[0;32m  OK  [0m] Started Discard unused blocks once a week.
[   10.456269] cloud-init[726]: |        O.=      |
[   10.457373] cloud-init[726]: |      .=.B.      |
[[0;32m  OK  [0m] Started ACPI Events Check.
[   10.460381] [[0;32m  OK  [0m] Reached target Paths.
cloud-init[726]: |     .+oS  o     |
[[0;32m  OK  [0m] Started Message of the Day.
[   10.473179] [[0;32m  OK  [0m] Reached target Timers.
cloud-init[726]: |   . *oo..  o    |
[[0;32m  OK  [0m] Started Availability of block devices.
[   10.474013] cloud-init[726]: |    %.=..o   .   |
[   10.484599] [cloud-init[0;32m  OK  [0m[726]: ] |   +.%+oo     .  |Listening on Socket activation for snappy daemon.

[[0;32m  OK  [0m] Listening on LXD - unix socket.
[   10.485422] cloud-init[[0;32m  OK  [0m] Reached target Sockets.
[[0;32m  OK  [0m] Reached target Basic System.
[726]: |    *X@=     .E  |
[   10.486789] cloud-init[726]: +----[SHA256]-----+
         Starting LXD - container startup/shutdown...
[[0;32m  OK  [0m] Started irqbalance daemon.
         Starting Pollinate to seed the pseudo random number generator...
         Starting Permit User Sessions...
         Starting Login Service...
         Starting LSB: automatic crash report generation...
         Starting Virtualbox guest utils...
[[0;32m  OK  [0m] Started Deferred execution scheduler.
         Starting LSB: Record successful boot for GRUB...
         Starting Accounts Service...
[[0;32m  OK  [0m] Started FUSE filesystem for LXC.
[[0;32m  OK  [0m] Started D-Bus System Message Bus.
         Starting Dispatcher daemon for systemd-networkd...
[[0;32m  OK  [0m] Started Regular background program processing daemon.
         Starting System Logging Service...
         Starting Snap Daemon...
[[0;32m  OK  [0m] Started System Logging Service.
[[0;32m  OK  [0m] Started LXD - container startup/shutdown.
[[0;32m  OK  [0m] Started Permit User Sessions.
[[0;32m  OK  [0m] Started Login Service.
         Starting Authorization Manager...
[[0;32m  OK  [0m] Started Unattended Upgrades Shutdown.
         Starting Terminate Plymouth Boot Screen...
         Starting Hold until boot process finishes up...
[[0;32m  OK  [0m] Started Hold until boot process finishes up.
[[0;32m  OK  [0m] Started Serial Getty on ttyS0.
         Starting Set console scheme...
[[0;32m  OK  [0m] Started Terminate Plymouth Boot Screen.
[[0;32m  OK  [0m] Started LSB: automatic crash report generation.
[[0;32m  OK  [0m] Started Authorization Manager.
[[0;32m  OK  [0m] Started Accounts Service.
[[0;32m  OK  [0m] Started LSB: Record successful boot for GRUB.
[[0;32m  OK  [0m] Started Set console scheme.
[[0;32m  OK  [0m] Created slice system-getty.slice.
[[0;32m  OK  [0m] Started Getty on tty1.
[[0;32m  OK  [0m] Reached target Login Prompts.
[[0;32m  OK  [0m] Started Virtualbox guest utils.
[[0;32m  OK  [0m] Started Dispatcher daemon for systemd-networkd.
[[0;32m  OK  [0m] Started Snap Daemon.
         Starting Wait until snapd is fully seeded...
[[0;32m  OK  [0m] Started Pollinate to seed the pseudo random number generator.
         Starting OpenBSD Secure Shell server...
[[0;32m  OK  [0m] Started OpenBSD Secure Shell server.
[[0;32m  OK  [0m] Created slice User Slice of vagrant.
         Starting User Manager for UID 1000...
[[0;32m  OK  [0m] Started Session 1 of user vagrant.
[[0;32m  OK  [0m] Started User Manager for UID 1000.
         Stopping User Manager for UID 1000...
[[0;32m  OK  [0m] Stopped User Manager for UID 1000.
[[0;32m  OK  [0m] Removed slice User Slice of vagrant.
[[0;32m  OK  [0m] Created slice User Slice of vagrant.
         Starting User Manager for UID 1000...
[[0;32m  OK  [0m] Started Session 3 of user vagrant.
[[0;32m  OK  [0m] Started User Manager for UID 1000.
[[0;32m  OK  [0m] Started Wait until snapd is fully seeded.
         Starting Apply the settings specified in cloud-config...
[[0;32m  OK  [0m] Reached target Multi-User System.
[[0;32m  OK  [0m] Reached target Graphical Interface.
         Starting Update UTMP about System Runlevel Changes...
[[0;32m  OK  [0m] Started Update UTMP about System Runlevel Changes.
[   16.407616] cloud-init[1630]: Cloud-init v. 21.1-19-gbad84ad4-0ubuntu1~18.04.2 running 'modules:config' at Sun, 23 May 2021 22:19:13 +0000. Up 16.05 seconds.
ci-info: no authorized SSH keys fingerprints found for user ubuntu.
<14>May 23 22:19:13 ec2: 
<14>May 23 22:19:13 ec2: #############################################################
<14>May 23 22:19:13 ec2: -----BEGIN SSH HOST KEY FINGERPRINTS-----
<14>May 23 22:19:13 ec2: 1024 SHA256:mgNeLCji6dqYYjFmlScuNEW3UpAX/TxnyTrOAW2iNqg root@ubuntu-bionic (DSA)
<14>May 23 22:19:13 ec2: 256 SHA256:xFUXg4bNnCD+Vm718HdG8/74QPAItpI/iDagg6mOXno root@ubuntu-bionic (ECDSA)
<14>May 23 22:19:13 ec2: 256 SHA256:vGo8ngtTpum/ZLKvj7Nk1XGS8RJvOOaawvOXAT7Vz+8 root@ubuntu-bionic (ED25519)
<14>May 23 22:19:13 ec2: 2048 SHA256:CgtlWyJDuIKtrJ4krlOt6+nZqld7E9lzSQ9uBIula7E root@ubuntu-bionic (RSA)
<14>May 23 22:19:13 ec2: -----END SSH HOST KEY FINGERPRINTS-----
<14>May 23 22:19:13 ec2: #############################################################
-----BEGIN SSH HOST KEY KEYS-----
ecdsa-sha2-nistp256 AAAAE2VjZHNhLXNoYTItbmlzdHAyNTYAAAAIbmlzdHAyNTYAAABBBFMb2Gx2m0LXhGDgZy62QJEg1msFn9Fpkb5uuwGQTBgOTCvE4HRs13XObfv76aY+cVHyUH6iV4n5qITLGiaY+DY= root@ubuntu-bionic
ssh-ed25519 AAAAC3NzaC1lZDI1NTE5AAAAIGAG//lcuyutDoZYEcX2RpbTzHYOuz0tYJ/pcwMJsM/M root@ubuntu-bionic
ssh-rsa AAAAB3NzaC1yc2EAAAADAQABAAABAQC4lBmShoFgbi7AIkVjQEDKN6Y7sdG+B1zvay+yRFdWv8ziYiBdzky/DC4SRONkQgCKtJnt59p04UPIGggOnGPOhkzF7YqsWJVa4kguRvXxkNLzc1MAl5wjmOy+N1BNsiAqX3mmVQzV2qlKSQE/N9wrMKcmF8tUhEaXQGgIOaTDjErvBsV5pF6DutQKYHxsQaNbStbXksfl9Zk8lR6rp3qKstLZDrsBk9n5s9byhgOoH7Nd5hqcGhmpTmBHwG34HojuNSL3eZP+UR/DkDFQ6azn+MPBPVrym1Uff06DfBroevgmV8MnD1/tyUt9d4AyzdCQsFn/zZbOkP9TwdUNd0bh root@ubuntu-bionic
-----END SSH HOST KEY KEYS-----
[   16.843617] cloud-init[1851]: Cloud-init v. 21.1-19-gbad84ad4-0ubuntu1~18.04.2 running 'modules:final' at Sun, 23 May 2021 22:19:13 +0000. Up 16.73 seconds.
[   16.843701] cloud-init[1851]: ci-info: no authorized SSH keys fingerprints found for user ubuntu.
[   16.843935] cloud-init[1851]: Cloud-init v. 21.1-19-gbad84ad4-0ubuntu1~18.04.2 finished at Sun, 23 May 2021 22:19:13 +0000. Datasource DataSourceNoCloud [seed=/dev/sdb][dsmode=net].  Up 16.83 seconds

Ubuntu 18.04.5 LTS ubuntu-bionic ttyS0

ubuntu-bionic login:                                                                                                                   